\----------------------------------------------------\
ОТКРЫТ ФАЙЛ
Time is 2023-11-05 18:33:02
Head = 0x603000001a50
Tail = 0x603000001a50
End = 0x603000001a50
Size: 0
index: 00000000000001_|_00000000000002_|_00000000000003_|_00000000000004_|_00000000000005_|_00000000000006_|_00000000000007_|_00000000000008_|_00000000000009_|_00000000000010_|_00000000000011_|_00000000000012_|_00000000000013_|_00000000000014_|_00000000000015_|_00000000000016_|_00000000000017_|_00000000000018_|_00000000000019_|_
                      |________________|________________|________________|________________|________________|________________|________________|________________|________________|________________|________________|________________|________________|________________|________________|________________|________________|________________|________________
  ip: 
                      |________________|________________|________________|________________|________________|________________|________________|________________|________________|________________|________________|________________|________________|________________|________________|________________|________________|________________|________________
data: 
                      |________________|________________|________________|________________|________________|________________|________________|________________|________________|________________|________________|________________|________________|________________|________________|________________|________________|________________|________________
next: 
                      |________________|________________|________________|________________|________________|________________|________________|________________|________________|________________|________________|________________|________________|________________|________________|________________|________________|________________|________________
prev: 
                      |________________|________________|________________|________________|________________|________________|________________|________________|________________|________________|________________|________________|________________|________________|________________|________________|________________|________________|________________
Head = 0x603000001a80
Tail = 0x603000001a80
End = 0x603000001a50
Size: 1
index: 00000000000001_|_00000000000002_|_00000000000003_|_00000000000004_|_00000000000005_|_00000000000006_|_00000000000007_|_00000000000008_|_00000000000009_|_00000000000010_|_00000000000011_|_00000000000012_|_00000000000013_|_00000000000014_|_00000000000015_|_00000000000016_|_00000000000017_|_00000000000018_|_00000000000019_|_
                      |________________|________________|________________|________________|________________|________________|________________|________________|________________|________________|________________|________________|________________|________________|________________|________________|________________|________________|________________
  ip:  0x603000001a80 |
                      |________________|________________|________________|________________|________________|________________|________________|________________|________________|________________|________________|________________|________________|________________|________________|________________|________________|________________|________________
data:  00000000000078 |
                      |________________|________________|________________|________________|________________|________________|________________|________________|________________|________________|________________|________________|________________|________________|________________|________________|________________|________________|________________
next:  0x603000001a50 |
                      |________________|________________|________________|________________|________________|________________|________________|________________|________________|________________|________________|________________|________________|________________|________________|________________|________________|________________|________________
prev:  0x603000001a50 |
                      |________________|________________|________________|________________|________________|________________|________________|________________|________________|________________|________________|________________|________________|________________|________________|________________|________________|________________|________________
Head = 0x603000001a80
Tail = 0x603000001ab0
End = 0x603000001a50
Size: 2
index: 00000000000001_|_00000000000002_|_00000000000003_|_00000000000004_|_00000000000005_|_00000000000006_|_00000000000007_|_00000000000008_|_00000000000009_|_00000000000010_|_00000000000011_|_00000000000012_|_00000000000013_|_00000000000014_|_00000000000015_|_00000000000016_|_00000000000017_|_00000000000018_|_00000000000019_|_
                      |________________|________________|________________|________________|________________|________________|________________|________________|________________|________________|________________|________________|________________|________________|________________|________________|________________|________________|________________
  ip:  0x603000001a80 | 0x603000001ab0 |
                      |________________|________________|________________|________________|________________|________________|________________|________________|________________|________________|________________|________________|________________|________________|________________|________________|________________|________________|________________
data:  00000000000078 | 00000000000123 |
                      |________________|________________|________________|________________|________________|________________|________________|________________|________________|________________|________________|________________|________________|________________|________________|________________|________________|________________|________________
next:  0x603000001ab0 | 0x603000001a50 |
                      |________________|________________|________________|________________|________________|________________|________________|________________|________________|________________|________________|________________|________________|________________|________________|________________|________________|________________|________________
prev:  0x603000001a50 | 0x603000001a80 |
                      |________________|________________|________________|________________|________________|________________|________________|________________|________________|________________|________________|________________|________________|________________|________________|________________|________________|________________|________________
Head = 0x603000001a80
Tail = 0x603000001ae0
End = 0x603000001a50
Size: 3
index: 00000000000001_|_00000000000002_|_00000000000003_|_00000000000004_|_00000000000005_|_00000000000006_|_00000000000007_|_00000000000008_|_00000000000009_|_00000000000010_|_00000000000011_|_00000000000012_|_00000000000013_|_00000000000014_|_00000000000015_|_00000000000016_|_00000000000017_|_00000000000018_|_00000000000019_|_
                      |________________|________________|________________|________________|________________|________________|________________|________________|________________|________________|________________|________________|________________|________________|________________|________________|________________|________________|________________
  ip:  0x603000001a80 | 0x603000001ab0 | 0x603000001ae0 |
                      |________________|________________|________________|________________|________________|________________|________________|________________|________________|________________|________________|________________|________________|________________|________________|________________|________________|________________|________________
data:  00000000000078 | 00000000000123 | 00000000000333 |
                      |________________|________________|________________|________________|________________|________________|________________|________________|________________|________________|________________|________________|________________|________________|________________|________________|________________|________________|________________
next:  0x603000001ab0 | 0x603000001ae0 | 0x603000001a50 |
                      |________________|________________|________________|________________|________________|________________|________________|________________|________________|________________|________________|________________|________________|________________|________________|________________|________________|________________|________________
prev:  0x603000001a50 | 0x603000001a80 | 0x603000001ab0 |
                      |________________|________________|________________|________________|________________|________________|________________|________________|________________|________________|________________|________________|________________|________________|________________|________________|________________|________________|________________
Head = 0x603000001a80
Tail = 0x603000001b10
End = 0x603000001a50
Size: 4
index: 00000000000001_|_00000000000002_|_00000000000003_|_00000000000004_|_00000000000005_|_00000000000006_|_00000000000007_|_00000000000008_|_00000000000009_|_00000000000010_|_00000000000011_|_00000000000012_|_00000000000013_|_00000000000014_|_00000000000015_|_00000000000016_|_00000000000017_|_00000000000018_|_00000000000019_|_
                      |________________|________________|________________|________________|________________|________________|________________|________________|________________|________________|________________|________________|________________|________________|________________|________________|________________|________________|________________
  ip:  0x603000001a80 | 0x603000001ab0 | 0x603000001ae0 | 0x603000001b10 |
                      |________________|________________|________________|________________|________________|________________|________________|________________|________________|________________|________________|________________|________________|________________|________________|________________|________________|________________|________________
data:  00000000000078 | 00000000000123 | 00000000000333 | 00000000000444 |
                      |________________|________________|________________|________________|________________|________________|________________|________________|________________|________________|________________|________________|________________|________________|________________|________________|________________|________________|________________
next:  0x603000001ab0 | 0x603000001ae0 | 0x603000001b10 | 0x603000001a50 |
                      |________________|________________|________________|________________|________________|________________|________________|________________|________________|________________|________________|________________|________________|________________|________________|________________|________________|________________|________________
prev:  0x603000001a50 | 0x603000001a80 | 0x603000001ab0 | 0x603000001ae0 |
                      |________________|________________|________________|________________|________________|________________|________________|________________|________________|________________|________________|________________|________________|________________|________________|________________|________________|________________|________________
Head = 0x603000001a80
Tail = 0x603000001b40
End = 0x603000001a50
Size: 5
index: 00000000000001_|_00000000000002_|_00000000000003_|_00000000000004_|_00000000000005_|_00000000000006_|_00000000000007_|_00000000000008_|_00000000000009_|_00000000000010_|_00000000000011_|_00000000000012_|_00000000000013_|_00000000000014_|_00000000000015_|_00000000000016_|_00000000000017_|_00000000000018_|_00000000000019_|_
                      |________________|________________|________________|________________|________________|________________|________________|________________|________________|________________|________________|________________|________________|________________|________________|________________|________________|________________|________________
  ip:  0x603000001a80 | 0x603000001ab0 | 0x603000001ae0 | 0x603000001b10 | 0x603000001b40 |
                      |________________|________________|________________|________________|________________|________________|________________|________________|________________|________________|________________|________________|________________|________________|________________|________________|________________|________________|________________
data:  00000000000078 | 00000000000123 | 00000000000333 | 00000000000444 | 00000000000445 |
                      |________________|________________|________________|________________|________________|________________|________________|________________|________________|________________|________________|________________|________________|________________|________________|________________|________________|________________|________________
next:  0x603000001ab0 | 0x603000001ae0 | 0x603000001b10 | 0x603000001b40 | 0x603000001a50 |
                      |________________|________________|________________|________________|________________|________________|________________|________________|________________|________________|________________|________________|________________|________________|________________|________________|________________|________________|________________
prev:  0x603000001a50 | 0x603000001a80 | 0x603000001ab0 | 0x603000001ae0 | 0x603000001b10 |
                      |________________|________________|________________|________________|________________|________________|________________|________________|________________|________________|________________|________________|________________|________________|________________|________________|________________|________________|________________
Head = 0x603000001a80
Tail = 0x603000001b40
End = 0x603000001a50
Size: 6
index: 00000000000001_|_00000000000002_|_00000000000003_|_00000000000004_|_00000000000005_|_00000000000006_|_00000000000007_|_00000000000008_|_00000000000009_|_00000000000010_|_00000000000011_|_00000000000012_|_00000000000013_|_00000000000014_|_00000000000015_|_00000000000016_|_00000000000017_|_00000000000018_|_00000000000019_|_
                      |________________|________________|________________|________________|________________|________________|________________|________________|________________|________________|________________|________________|________________|________________|________________|________________|________________|________________|________________
  ip:  0x603000001a80 | 0x603000001ab0 | 0x603000001ae0 | 0x603000001b70 | 0x603000001b10 | 0x603000001b40 |
                      |________________|________________|________________|________________|________________|________________|________________|________________|________________|________________|________________|________________|________________|________________|________________|________________|________________|________________|________________
data:  00000000000078 | 00000000000123 | 00000000000333 | 00000000011111 | 00000000000444 | 00000000000445 |
                      |________________|________________|________________|________________|________________|________________|________________|________________|________________|________________|________________|________________|________________|________________|________________|________________|________________|________________|________________
next:  0x603000001ab0 | 0x603000001ae0 | 0x603000001b70 | 0x603000001b10 | 0x603000001b40 | 0x603000001a50 |
                      |________________|________________|________________|________________|________________|________________|________________|________________|________________|________________|________________|________________|________________|________________|________________|________________|________________|________________|________________
prev:  0x603000001a50 | 0x603000001a80 | 0x603000001ab0 | 0x603000001ae0 | 0x603000001b70 | 0x603000001b10 |
                      |________________|________________|________________|________________|________________|________________|________________|________________|________________|________________|________________|________________|________________|________________|________________|________________|________________|________________|________________

\----------------------------------------------------\
