\----------------------------------------------------\
ОТКРЫТ ФАЙЛ
index: 000_|_001_|_002_|_003_|_004_|_005_|_006_|_007_|_008_|_009_|_010_|_011_|_012_|_013_|_014_|_015_|_016_|_017_|_018_|_019_|_
           |_____|_____|_____|_____|_____|_____|_____|_____|_____|_____|_____|_____|_____|_____|_____|_____|_____|_____|_____
data:  000 | 000 | 000 | 000 | 000 | 000 | 000 | 000 | 000 | 000 | 000 | 000 | 000 | 000 | 000 | 000 | 000 | 000 | 000 | 000 |
           |_____|_____|_____|_____|_____|_____|_____|_____|_____|_____|_____|_____|_____|_____|_____|_____|_____|_____|_____
next:  000 |-002 |-003 |-004 |-005 |-006 |-007 |-008 |-009 |-010 |-011 |-012 |-013 |-014 |-015 |-016 |-017 |-018 |-019 | 000 |
           |_____|_____|_____|_____|_____|_____|_____|_____|_____|_____|_____|_____|_____|_____|_____|_____|_____|_____|_____
prev:  000 | 000 |-001 |-001 |-001 |-001 |-001 |-001 |-001 |-001 |-001 |-001 |-001 |-001 |-001 |-001 |-001 |-001 |-001 |-001 |
           |_____|_____|_____|_____|_____|_____|_____|_____|_____|_____|_____|_____|_____|_____|_____|_____|_____|_____|_____

head: [000]
tale: [000]
free: [001]
index: 000_|_001_|_002_|_003_|_004_|_005_|_006_|_007_|_008_|_009_|_010_|_011_|_012_|_013_|_014_|_015_|_016_|_017_|_018_|_019_|_
           |_____|_____|_____|_____|_____|_____|_____|_____|_____|_____|_____|_____|_____|_____|_____|_____|_____|_____|_____
data:  000 | 016 | 000 | 000 | 000 | 000 | 000 | 000 | 000 | 000 | 000 | 000 | 000 | 000 | 000 | 000 | 000 | 000 | 000 | 000 |
           |_____|_____|_____|_____|_____|_____|_____|_____|_____|_____|_____|_____|_____|_____|_____|_____|_____|_____|_____
next:  000 | 000 |-003 |-004 |-005 |-006 |-007 |-008 |-009 |-010 |-011 |-012 |-013 |-014 |-015 |-016 |-017 |-018 |-019 | 000 |
           |_____|_____|_____|_____|_____|_____|_____|_____|_____|_____|_____|_____|_____|_____|_____|_____|_____|_____|_____
prev:  000 | 000 |-001 |-001 |-001 |-001 |-001 |-001 |-001 |-001 |-001 |-001 |-001 |-001 |-001 |-001 |-001 |-001 |-001 |-001 |
           |_____|_____|_____|_____|_____|_____|_____|_____|_____|_____|_____|_____|_____|_____|_____|_____|_____|_____|_____

head: [001]
tale: [001]
free: [002]
index: 000_|_001_|_002_|_003_|_004_|_005_|_006_|_007_|_008_|_009_|_010_|_011_|_012_|_013_|_014_|_015_|_016_|_017_|_018_|_019_|_
           |_____|_____|_____|_____|_____|_____|_____|_____|_____|_____|_____|_____|_____|_____|_____|_____|_____|_____|_____
data:  000 | 016 | 020 | 000 | 000 | 000 | 000 | 000 | 000 | 000 | 000 | 000 | 000 | 000 | 000 | 000 | 000 | 000 | 000 | 000 |
           |_____|_____|_____|_____|_____|_____|_____|_____|_____|_____|_____|_____|_____|_____|_____|_____|_____|_____|_____
next:  000 | 002 | 000 |-004 |-005 |-006 |-007 |-008 |-009 |-010 |-011 |-012 |-013 |-014 |-015 |-016 |-017 |-018 |-019 | 000 |
           |_____|_____|_____|_____|_____|_____|_____|_____|_____|_____|_____|_____|_____|_____|_____|_____|_____|_____|_____
prev:  000 | 000 | 001 |-001 |-001 |-001 |-001 |-001 |-001 |-001 |-001 |-001 |-001 |-001 |-001 |-001 |-001 |-001 |-001 |-001 |
           |_____|_____|_____|_____|_____|_____|_____|_____|_____|_____|_____|_____|_____|_____|_____|_____|_____|_____|_____

head: [001]
tale: [002]
free: [003]
index: 000_|_001_|_002_|_003_|_004_|_005_|_006_|_007_|_008_|_009_|_010_|_011_|_012_|_013_|_014_|_015_|_016_|_017_|_018_|_019_|_
           |_____|_____|_____|_____|_____|_____|_____|_____|_____|_____|_____|_____|_____|_____|_____|_____|_____|_____|_____
data:  000 | 016 | 020 | 035 | 000 | 000 | 000 | 000 | 000 | 000 | 000 | 000 | 000 | 000 | 000 | 000 | 000 | 000 | 000 | 000 |
           |_____|_____|_____|_____|_____|_____|_____|_____|_____|_____|_____|_____|_____|_____|_____|_____|_____|_____|_____
next:  000 | 002 | 003 | 000 |-005 |-006 |-007 |-008 |-009 |-010 |-011 |-012 |-013 |-014 |-015 |-016 |-017 |-018 |-019 | 000 |
           |_____|_____|_____|_____|_____|_____|_____|_____|_____|_____|_____|_____|_____|_____|_____|_____|_____|_____|_____
prev:  000 | 000 | 001 | 002 |-001 |-001 |-001 |-001 |-001 |-001 |-001 |-001 |-001 |-001 |-001 |-001 |-001 |-001 |-001 |-001 |
           |_____|_____|_____|_____|_____|_____|_____|_____|_____|_____|_____|_____|_____|_____|_____|_____|_____|_____|_____

head: [001]
tale: [003]
free: [004]
index: 000_|_001_|_002_|_003_|_004_|_005_|_006_|_007_|_008_|_009_|_010_|_011_|_012_|_013_|_014_|_015_|_016_|_017_|_018_|_019_|_
           |_____|_____|_____|_____|_____|_____|_____|_____|_____|_____|_____|_____|_____|_____|_____|_____|_____|_____|_____
data:  000 | 016 | 020 | 035 | 041 | 000 | 000 | 000 | 000 | 000 | 000 | 000 | 000 | 000 | 000 | 000 | 000 | 000 | 000 | 000 |
           |_____|_____|_____|_____|_____|_____|_____|_____|_____|_____|_____|_____|_____|_____|_____|_____|_____|_____|_____
next:  000 | 002 | 003 | 004 | 000 |-006 |-007 |-008 |-009 |-010 |-011 |-012 |-013 |-014 |-015 |-016 |-017 |-018 |-019 | 000 |
           |_____|_____|_____|_____|_____|_____|_____|_____|_____|_____|_____|_____|_____|_____|_____|_____|_____|_____|_____
prev:  000 | 000 | 001 | 002 | 003 |-001 |-001 |-001 |-001 |-001 |-001 |-001 |-001 |-001 |-001 |-001 |-001 |-001 |-001 |-001 |
           |_____|_____|_____|_____|_____|_____|_____|_____|_____|_____|_____|_____|_____|_____|_____|_____|_____|_____|_____

head: [001]
tale: [004]
free: [005]
index: 000_|_001_|_002_|_003_|_004_|_005_|_006_|_007_|_008_|_009_|_010_|_011_|_012_|_013_|_014_|_015_|_016_|_017_|_018_|_019_|_
           |_____|_____|_____|_____|_____|_____|_____|_____|_____|_____|_____|_____|_____|_____|_____|_____|_____|_____|_____
data:  000 | 016 | 020 | 035 | 041 | 052 | 000 | 000 | 000 | 000 | 000 | 000 | 000 | 000 | 000 | 000 | 000 | 000 | 000 | 000 |
           |_____|_____|_____|_____|_____|_____|_____|_____|_____|_____|_____|_____|_____|_____|_____|_____|_____|_____|_____
next:  000 | 002 | 003 | 004 | 005 | 000 |-007 |-008 |-009 |-010 |-011 |-012 |-013 |-014 |-015 |-016 |-017 |-018 |-019 | 000 |
           |_____|_____|_____|_____|_____|_____|_____|_____|_____|_____|_____|_____|_____|_____|_____|_____|_____|_____|_____
prev:  000 | 000 | 001 | 002 | 003 | 004 |-001 |-001 |-001 |-001 |-001 |-001 |-001 |-001 |-001 |-001 |-001 |-001 |-001 |-001 |
           |_____|_____|_____|_____|_____|_____|_____|_____|_____|_____|_____|_____|_____|_____|_____|_____|_____|_____|_____

head: [001]
tale: [005]
free: [006]
index: 000_|_001_|_002_|_003_|_004_|_005_|_006_|_007_|_008_|_009_|_010_|_011_|_012_|_013_|_014_|_015_|_016_|_017_|_018_|_019_|_
           |_____|_____|_____|_____|_____|_____|_____|_____|_____|_____|_____|_____|_____|_____|_____|_____|_____|_____|_____
data:  000 | 000 | 020 | 035 | 041 | 052 | 000 | 000 | 000 | 000 | 000 | 000 | 000 | 000 | 000 | 000 | 000 | 000 | 000 | 000 |
           |_____|_____|_____|_____|_____|_____|_____|_____|_____|_____|_____|_____|_____|_____|_____|_____|_____|_____|_____
next:  002 |-006 | 003 | 004 | 005 | 000 |-007 |-008 |-009 |-010 |-011 |-012 |-013 |-014 |-015 |-016 |-017 |-018 |-019 | 000 |
           |_____|_____|_____|_____|_____|_____|_____|_____|_____|_____|_____|_____|_____|_____|_____|_____|_____|_____|_____
prev:  000 |-001 | 000 | 002 | 003 | 004 |-001 |-001 |-001 |-001 |-001 |-001 |-001 |-001 |-001 |-001 |-001 |-001 |-001 |-001 |
           |_____|_____|_____|_____|_____|_____|_____|_____|_____|_____|_____|_____|_____|_____|_____|_____|_____|_____|_____

head: [002]
tale: [005]
free: [001]
index: 000_|_001_|_002_|_003_|_004_|_005_|_006_|_007_|_008_|_009_|_010_|_011_|_012_|_013_|_014_|_015_|_016_|_017_|_018_|_019_|_
           |_____|_____|_____|_____|_____|_____|_____|_____|_____|_____|_____|_____|_____|_____|_____|_____|_____|_____|_____
data:  000 | 053 | 020 | 035 | 041 | 052 | 000 | 000 | 000 | 000 | 000 | 000 | 000 | 000 | 000 | 000 | 000 | 000 | 000 | 000 |
           |_____|_____|_____|_____|_____|_____|_____|_____|_____|_____|_____|_____|_____|_____|_____|_____|_____|_____|_____
next:  002 | 000 | 003 | 004 | 005 | 001 |-007 |-008 |-009 |-010 |-011 |-012 |-013 |-014 |-015 |-016 |-017 |-018 |-019 | 000 |
           |_____|_____|_____|_____|_____|_____|_____|_____|_____|_____|_____|_____|_____|_____|_____|_____|_____|_____|_____
prev:  000 | 005 | 000 | 002 | 003 | 004 |-001 |-001 |-001 |-001 |-001 |-001 |-001 |-001 |-001 |-001 |-001 |-001 |-001 |-001 |
           |_____|_____|_____|_____|_____|_____|_____|_____|_____|_____|_____|_____|_____|_____|_____|_____|_____|_____|_____

head: [002]
tale: [001]
free: [006]
index: 000_|_001_|_002_|_003_|_004_|_005_|_006_|_007_|_008_|_009_|_010_|_011_|_012_|_013_|_014_|_015_|_016_|_017_|_018_|_019_|_
           |_____|_____|_____|_____|_____|_____|_____|_____|_____|_____|_____|_____|_____|_____|_____|_____|_____|_____|_____
data:  000 | 000 | 020 | 035 | 041 | 052 | 000 | 000 | 000 | 000 | 000 | 000 | 000 | 000 | 000 | 000 | 000 | 000 | 000 | 000 |
           |_____|_____|_____|_____|_____|_____|_____|_____|_____|_____|_____|_____|_____|_____|_____|_____|_____|_____|_____
next:  002 |-006 | 003 | 004 | 005 | 000 |-007 |-008 |-009 |-010 |-011 |-012 |-013 |-014 |-015 |-016 |-017 |-018 |-019 | 000 |
           |_____|_____|_____|_____|_____|_____|_____|_____|_____|_____|_____|_____|_____|_____|_____|_____|_____|_____|_____
prev:  005 |-001 | 000 | 002 | 003 | 004 |-001 |-001 |-001 |-001 |-001 |-001 |-001 |-001 |-001 |-001 |-001 |-001 |-001 |-001 |
           |_____|_____|_____|_____|_____|_____|_____|_____|_____|_____|_____|_____|_____|_____|_____|_____|_____|_____|_____

head: [002]
tale: [005]
free: [001]
index: 000_|_001_|_002_|_003_|_004_|_005_|_006_|_007_|_008_|_009_|_010_|_011_|_012_|_013_|_014_|_015_|_016_|_017_|_018_|_019_|_
           |_____|_____|_____|_____|_____|_____|_____|_____|_____|_____|_____|_____|_____|_____|_____|_____|_____|_____|_____
data:  000 | 011 | 020 | 035 | 041 | 052 | 000 | 000 | 000 | 000 | 000 | 000 | 000 | 000 | 000 | 000 | 000 | 000 | 000 | 000 |
           |_____|_____|_____|_____|_____|_____|_____|_____|_____|_____|_____|_____|_____|_____|_____|_____|_____|_____|_____
next:  002 | 005 | 003 | 004 | 001 | 000 |-007 |-008 |-009 |-010 |-011 |-012 |-013 |-014 |-015 |-016 |-017 |-018 |-019 | 000 |
           |_____|_____|_____|_____|_____|_____|_____|_____|_____|_____|_____|_____|_____|_____|_____|_____|_____|_____|_____
prev:  005 | 004 | 000 | 002 | 003 | 001 |-001 |-001 |-001 |-001 |-001 |-001 |-001 |-001 |-001 |-001 |-001 |-001 |-001 |-001 |
           |_____|_____|_____|_____|_____|_____|_____|_____|_____|_____|_____|_____|_____|_____|_____|_____|_____|_____|_____

head: [002]
tale: [005]
free: [006]
index: 000_|_001_|_002_|_003_|_004_|_005_|_006_|_007_|_008_|_009_|_010_|_011_|_012_|_013_|_014_|_015_|_016_|_017_|_018_|_019_|_
           |_____|_____|_____|_____|_____|_____|_____|_____|_____|_____|_____|_____|_____|_____|_____|_____|_____|_____|_____
data:  000 | 011 | 020 | 035 | 041 | 052 | 082 | 000 | 000 | 000 | 000 | 000 | 000 | 000 | 000 | 000 | 000 | 000 | 000 | 000 |
           |_____|_____|_____|_____|_____|_____|_____|_____|_____|_____|_____|_____|_____|_____|_____|_____|_____|_____|_____
next:  002 | 006 | 003 | 004 | 001 | 000 | 005 |-008 |-009 |-010 |-011 |-012 |-013 |-014 |-015 |-016 |-017 |-018 |-019 | 000 |
           |_____|_____|_____|_____|_____|_____|_____|_____|_____|_____|_____|_____|_____|_____|_____|_____|_____|_____|_____
prev:  005 | 004 | 000 | 002 | 003 | 006 | 001 |-001 |-001 |-001 |-001 |-001 |-001 |-001 |-001 |-001 |-001 |-001 |-001 |-001 |
           |_____|_____|_____|_____|_____|_____|_____|_____|_____|_____|_____|_____|_____|_____|_____|_____|_____|_____|_____

head: [002]
tale: [005]
free: [007]
index: 000_|_001_|_002_|_003_|_004_|_005_|_006_|_007_|_008_|_009_|_010_|_011_|_012_|_013_|_014_|_015_|_016_|_017_|_018_|_019_|_
           |_____|_____|_____|_____|_____|_____|_____|_____|_____|_____|_____|_____|_____|_____|_____|_____|_____|_____|_____
data:  000 | 000 | 020 | 035 | 041 | 052 | 082 | 000 | 000 | 000 | 000 | 000 | 000 | 000 | 000 | 000 | 000 | 000 | 000 | 000 |
           |_____|_____|_____|_____|_____|_____|_____|_____|_____|_____|_____|_____|_____|_____|_____|_____|_____|_____|_____
next:  002 |-007 | 003 | 004 | 006 | 000 | 005 |-008 |-009 |-010 |-011 |-012 |-013 |-014 |-015 |-016 |-017 |-018 |-019 | 000 |
           |_____|_____|_____|_____|_____|_____|_____|_____|_____|_____|_____|_____|_____|_____|_____|_____|_____|_____|_____
prev:  005 |-001 | 000 | 002 | 003 | 006 | 004 |-001 |-001 |-001 |-001 |-001 |-001 |-001 |-001 |-001 |-001 |-001 |-001 |-001 |
           |_____|_____|_____|_____|_____|_____|_____|_____|_____|_____|_____|_____|_____|_____|_____|_____|_____|_____|_____

head: [002]
tale: [005]
free: [001]
index: 000_|_001_|_002_|_003_|_004_|_005_|_006_|_007_|_008_|_009_|_010_|_011_|_012_|_013_|_014_|_015_|_016_|_017_|_018_|_019_|_
           |_____|_____|_____|_____|_____|_____|_____|_____|_____|_____|_____|_____|_____|_____|_____|_____|_____|_____|_____
data:  000 | 099 | 020 | 035 | 041 | 052 | 082 | 000 | 000 | 000 | 000 | 000 | 000 | 000 | 000 | 000 | 000 | 000 | 000 | 000 |
           |_____|_____|_____|_____|_____|_____|_____|_____|_____|_____|_____|_____|_____|_____|_____|_____|_____|_____|_____
next:  002 | 003 | 001 | 004 | 006 | 000 | 005 |-008 |-009 |-010 |-011 |-012 |-013 |-014 |-015 |-016 |-017 |-018 |-019 | 000 |
           |_____|_____|_____|_____|_____|_____|_____|_____|_____|_____|_____|_____|_____|_____|_____|_____|_____|_____|_____
prev:  005 | 002 | 000 | 001 | 003 | 006 | 004 |-001 |-001 |-001 |-001 |-001 |-001 |-001 |-001 |-001 |-001 |-001 |-001 |-001 |
           |_____|_____|_____|_____|_____|_____|_____|_____|_____|_____|_____|_____|_____|_____|_____|_____|_____|_____|_____

head: [002]
tale: [005]
free: [007]
ЗАКРЫТ ФАЙЛ
\----------------------------------------------------\
